<?xml version="1.0" encoding="UTF-8"?>
<testng-results skipped="0" failed="0" total="1" passed="1">
  <reporter-output>
  </reporter-output>
  <suite name="Default suite" duration-ms="40106" started-at="2016-05-08T02:53:11Z" finished-at="2016-05-08T02:53:51Z">
    <groups>
    </groups>
    <test name="Default test" duration-ms="40106" started-at="2016-05-08T02:53:11Z" finished-at="2016-05-08T02:53:51Z">
      <class name="com.flipkart.automation.tests.Sanity">
        <test-method status="PASS" signature="setupTestSuite()[pri:0, instance:com.flipkart.automation.tests.Sanity@1fd17e3]" name="setupTestSuite" is-config="true" duration-ms="24" started-at="2016-05-08T08:23:11Z" finished-at="2016-05-08T08:23:11Z">
          <reporter-output>
          </reporter-output>
        </test-method> <!-- setupTestSuite -->
        <test-method status="PASS" signature="setupForTestNG_XMLTest(java.lang.String)[pri:0, instance:com.flipkart.automation.tests.Sanity@1fd17e3]" name="setupForTestNG_XMLTest" is-config="true" duration-ms="9" started-at="2016-05-08T08:23:11Z" finished-at="2016-05-08T08:23:11Z">
          <params>
            <param index="0">
              <value>
                <![CDATA[chrome]]>
              </value>
            </param>
          </params>
          <reporter-output>
          </reporter-output>
        </test-method> <!-- setupForTestNG_XMLTest -->
        <test-method status="PASS" signature="setup()[pri:0, instance:com.flipkart.automation.tests.Sanity@1fd17e3]" name="setup" is-config="true" duration-ms="39756" started-at="2016-05-08T08:23:11Z" finished-at="2016-05-08T08:23:51Z">
          <reporter-output>
          </reporter-output>
        </test-method> <!-- setup -->
        <test-method status="PASS" signature="autTC01()[pri:0, instance:com.flipkart.automation.tests.Sanity@1fd17e3]" name="autTC01" duration-ms="317" started-at="2016-05-08T08:23:51Z" finished-at="2016-05-08T08:23:51Z">
          <reporter-output>
          </reporter-output>
        </test-method> <!-- autTC01 -->
        <test-method status="PASS" signature="tearDown()[pri:0, instance:com.flipkart.automation.tests.Sanity@1fd17e3]" name="tearDown" is-config="true" duration-ms="1" started-at="2016-05-08T08:23:51Z" finished-at="2016-05-08T08:23:51Z">
          <reporter-output>
          </reporter-output>
        </test-method> <!-- tearDown -->
      </class> <!-- com.flipkart.automation.tests.Sanity -->
    </test> <!-- Default test -->
  </suite> <!-- Default suite -->
</testng-results>
