<?xml version="1.0" encoding="UTF-8"?>
<testng-results skipped="0" failed="0" total="1" passed="1">
  <reporter-output>
  </reporter-output>
  <suite name="Default suite" duration-ms="14607" started-at="2016-04-17T12:00:00Z" finished-at="2016-04-17T12:00:15Z">
    <groups>
    </groups>
    <test name="Default test" duration-ms="14607" started-at="2016-04-17T12:00:00Z" finished-at="2016-04-17T12:00:15Z">
      <class name="com.flipkart.automation.tests.Sanity">
        <test-method status="PASS" signature="autTC01()[pri:0, instance:com.flipkart.automation.tests.Sanity@144fc66]" name="autTC01" duration-ms="14574" started-at="2016-04-17T17:30:00Z" finished-at="2016-04-17T17:30:15Z">
          <reporter-output>
          </reporter-output>
        </test-method> <!-- autTC01 -->
      </class> <!-- com.flipkart.automation.tests.Sanity -->
    </test> <!-- Default test -->
  </suite> <!-- Default suite -->
</testng-results>
